c:\users\신의협\github\rt_auxiva_icd_rls\x64\debug\vc142.pdb
c:\users\신의협\github\rt_auxiva_icd_rls\x64\debug\vc142.idb
c:\users\신의협\github\rt_auxiva_icd_rls\x64\debug\tools.obj
c:\users\신의협\github\rt_auxiva_icd_rls\x64\debug\stft.obj
c:\users\신의협\github\rt_auxiva_icd_rls\x64\debug\sigproc.obj
c:\users\신의협\github\rt_auxiva_icd_rls\x64\debug\rtaudio.obj
c:\users\신의협\github\rt_auxiva_icd_rls\x64\debug\procbuffers.obj
c:\users\신의협\github\rt_auxiva_icd_rls\x64\debug\main.obj
c:\users\신의협\github\rt_auxiva_icd_rls\x64\debug\iasiothiscallresolver.obj
c:\users\신의협\github\rt_auxiva_icd_rls\x64\debug\auxiva_icd_online.obj
c:\users\신의협\github\rt_auxiva_icd_rls\x64\debug\asiolist.obj
c:\users\신의협\github\rt_auxiva_icd_rls\x64\debug\asiodrivers.obj
c:\users\신의협\github\rt_auxiva_icd_rls\x64\debug\asio.obj
c:\users\신의협\github\rt_auxiva_icd_rls\x64\debug\rt_auxiva_icd_rls.exe
c:\users\신의협\github\rt_auxiva_icd_rls\x64\debug\rt_auxiva_icd_rls.ilk
c:\users\신의협\github\rt_auxiva_icd_rls\x64\debug\rt_auxiva_icd_rls.pdb
c:\users\신의협\github\rt_auxiva_icd_rls\x64\debug\rt_auxiv.534ab155.tlog\cl.command.1.tlog
c:\users\신의협\github\rt_auxiva_icd_rls\x64\debug\rt_auxiv.534ab155.tlog\cl.read.1.tlog
c:\users\신의협\github\rt_auxiva_icd_rls\x64\debug\rt_auxiv.534ab155.tlog\cl.write.1.tlog
c:\users\신의협\github\rt_auxiva_icd_rls\x64\debug\rt_auxiv.534ab155.tlog\link.command.1.tlog
c:\users\신의협\github\rt_auxiva_icd_rls\x64\debug\rt_auxiv.534ab155.tlog\link.read.1.tlog
c:\users\신의협\github\rt_auxiva_icd_rls\x64\debug\rt_auxiv.534ab155.tlog\link.write.1.tlog
